<?xml version="1.0" encoding="UTF-8"?>
<!-- Generated by org.testng.reporters.JUnitReportReporter -->
<testsuite hostname="DESKTOP-F52EDBA" failures="0" tests="1" name="testscripts.FourthTest" time="8.058" errors="0" timestamp="2023-02-18T08:27:57 IST" skipped="0">
  <testcase classname="testscripts.FourthTest" name="fourthTest" time="8.058"/>
  <system-out/>
</testsuite> <!-- testscripts.FourthTest -->
