<?xml version="1.0" encoding="UTF-8"?>
<!-- Generated by org.testng.reporters.JUnitReportReporter -->
<testsuite hostname="DESKTOP-F52EDBA" failures="0" tests="1" name="testscripts.FirstTest" time="6.371" errors="0" timestamp="2023-02-17T08:44:03 IST" skipped="0">
  <testcase classname="testscripts.FirstTest" name="firstTest" time="6.371"/>
  <system-out/>
</testsuite> <!-- testscripts.FirstTest -->
