<?xml version="1.0" encoding="UTF-8"?>
<!-- Generated by org.testng.reporters.JUnitReportReporter -->
<testsuite hostname="DESKTOP-F52EDBA" failures="0" tests="1" name="testscripts.ThirdTest" time="17.390" errors="0" timestamp="2023-02-18T09:00:47 IST" skipped="0">
  <testcase classname="testscripts.ThirdTest" name="thirdTest" time="17.390"/>
  <system-out/>
</testsuite> <!-- testscripts.ThirdTest -->
