<?xml version="1.0" encoding="UTF-8"?>
<!-- Generated by org.testng.reporters.JUnitReportReporter -->
<testsuite hostname="DESKTOP-F52EDBA" failures="0" tests="1" name="testscripts.SecondTest" time="22.332" errors="0" timestamp="2023-02-18T08:20:11 IST" skipped="0">
  <testcase classname="testscripts.SecondTest" name="secondTest" time="22.332"/>
  <system-out/>
</testsuite> <!-- testscripts.SecondTest -->
